<?xml version="1.0" encoding="UTF-8" ?>
<testsuite tests="2" failures="1" name="TestSuite" time="14.798" errors="0" skipped="0">
  <properties>
[...]
</properties>
  <testcase classname="CreatePostTest" name="createPost" time="14.708"/>
  <testcase classname="LoginTest" name="LoginTest" time="0.09">
    <failure message="Cannot Login To the WordPress Main Page expected:&lt;true&gt; but was:&lt;false&gt;" type="java.lang.AssertionError">java.lang.AssertionError: Cannot Login To the WordPress Main Page expected:&lt;true&gt; but was:&lt;false&gt;
	at org.testng.Assert.fail(Assert.java:89)
	at org.testng.Assert.failNotEquals(Assert.java:489)
	at org.testng.Assert.assertTrue(Assert.java:37)
	at LoginTest.LoginTest(LoginTest.java:15)
</failure>
  </testcase>
</testsuite>